  Dictionary.cpp
  Fish.cpp
E:\Fakultet\2. Godina\CS232\CS232-Projekat\GameTamplate\Sprite.h(104,20): warning C4244: 'initializing': conversion from 'T' to 'GLuint', possible loss of data
          with
          [
              T=float
          ]
E:\Fakultet\2. Godina\CS232\CS232-Projekat\GameTamplate\Sprite.h(105,20): warning C4244: 'initializing': conversion from 'T' to 'GLuint', possible loss of data
          with
          [
              T=float
          ]
E:\Fakultet\2. Godina\CS232\CS232-Projekat\GameTamplate\EventSystem.h(19,2): warning C4091: 'static ': ignored on left of 'EventSystem' when no variable is declared
  FishCaught.cpp
E:\Fakultet\2. Godina\CS232\CS232-Projekat\GameTamplate\Sprite.h(104,20): warning C4244: 'initializing': conversion from 'T' to 'GLuint', possible loss of data
          with
          [
              T=float
          ]
E:\Fakultet\2. Godina\CS232\CS232-Projekat\GameTamplate\Sprite.h(105,20): warning C4244: 'initializing': conversion from 'T' to 'GLuint', possible loss of data
          with
          [
              T=float
          ]
E:\Fakultet\2. Godina\CS232\CS232-Projekat\GameTamplate\EventSystem.h(19,2): warning C4091: 'static ': ignored on left of 'EventSystem' when no variable is declared
E:\Fakultet\2. Godina\CS232\CS232-Projekat\GameTamplate\ScoreManager.h(16,2): warning C4091: 'static ': ignored on left of 'ScoreManager' when no variable is declared
  FishStats.cpp
E:\Fakultet\2. Godina\CS232\CS232-Projekat\GameTamplate\Sprite.h(104,20): warning C4244: 'initializing': conversion from 'T' to 'GLuint', possible loss of data
          with
          [
              T=float
          ]
E:\Fakultet\2. Godina\CS232\CS232-Projekat\GameTamplate\Sprite.h(105,20): warning C4244: 'initializing': conversion from 'T' to 'GLuint', possible loss of data
          with
          [
              T=float
          ]
E:\Fakultet\2. Godina\CS232\CS232-Projekat\GameTamplate\FishStats.cpp(27,15): warning C4244: '*=': conversion from 'float' to 'int', possible loss of data
  Fishing.cpp
E:\Fakultet\2. Godina\CS232\CS232-Projekat\GameTamplate\Sprite.h(104,20): warning C4244: 'initializing': conversion from 'T' to 'GLuint', possible loss of data
          with
          [
              T=float
          ]
E:\Fakultet\2. Godina\CS232\CS232-Projekat\GameTamplate\Sprite.h(105,20): warning C4244: 'initializing': conversion from 'T' to 'GLuint', possible loss of data
          with
          [
              T=float
          ]
E:\Fakultet\2. Godina\CS232\CS232-Projekat\GameTamplate\EventSystem.h(19,2): warning C4091: 'static ': ignored on left of 'EventSystem' when no variable is declared
E:\Fakultet\2. Godina\CS232\CS232-Projekat\GameTamplate\ScoreManager.h(16,2): warning C4091: 'static ': ignored on left of 'ScoreManager' when no variable is declared
  GameState.cpp
E:\Fakultet\2. Godina\CS232\CS232-Projekat\GameTamplate\Sprite.h(104,20): warning C4244: 'initializing': conversion from 'T' to 'GLuint', possible loss of data
          with
          [
              T=float
          ]
E:\Fakultet\2. Godina\CS232\CS232-Projekat\GameTamplate\Sprite.h(105,20): warning C4244: 'initializing': conversion from 'T' to 'GLuint', possible loss of data
          with
          [
              T=float
          ]
E:\Fakultet\2. Godina\CS232\CS232-Projekat\GameTamplate\EventSystem.h(19,2): warning C4091: 'static ': ignored on left of 'EventSystem' when no variable is declared
E:\Fakultet\2. Godina\CS232\CS232-Projekat\GameTamplate\ScoreManager.h(16,2): warning C4091: 'static ': ignored on left of 'ScoreManager' when no variable is declared
E:\Fakultet\2. Godina\CS232\CS232-Projekat\GameTamplate\GameState.cpp(10,20): warning C4018: '<': signed/unsigned mismatch
  Main.cpp
E:\Fakultet\2. Godina\CS232\CS232-Projekat\GameTamplate\Sprite.h(104,20): warning C4244: 'initializing': conversion from 'T' to 'GLuint', possible loss of data
          with
          [
              T=float
          ]
E:\Fakultet\2. Godina\CS232\CS232-Projekat\GameTamplate\Sprite.h(105,20): warning C4244: 'initializing': conversion from 'T' to 'GLuint', possible loss of data
          with
          [
              T=float
          ]
E:\Fakultet\2. Godina\CS232\CS232-Projekat\GameTamplate\EventSystem.h(19,2): warning C4091: 'static ': ignored on left of 'EventSystem' when no variable is declared
E:\Fakultet\2. Godina\CS232\CS232-Projekat\GameTamplate\ScoreManager.h(16,2): warning C4091: 'static ': ignored on left of 'ScoreManager' when no variable is declared
E:\Fakultet\2. Godina\CS232\CS232-Projekat\GameTamplate\Main.cpp(48,62): warning C4244: 'argument': conversion from 'T' to 'int', possible loss of data
          with
          [
              T=float
          ]
E:\Fakultet\2. Godina\CS232\CS232-Projekat\GameTamplate\Main.cpp(48,41): warning C4244: 'argument': conversion from 'T' to 'int', possible loss of data
          with
          [
              T=float
          ]
E:\Fakultet\2. Godina\CS232\CS232-Projekat\GameTamplate\Main.cpp(57,12): warning C4244: 'argument': conversion from 'time_t' to 'unsigned int', possible loss of data
  ReelingIn.cpp
E:\Fakultet\2. Godina\CS232\CS232-Projekat\GameTamplate\Sprite.h(104,20): warning C4244: 'initializing': conversion from 'T' to 'GLuint', possible loss of data
          with
          [
              T=float
          ]
E:\Fakultet\2. Godina\CS232\CS232-Projekat\GameTamplate\Sprite.h(105,20): warning C4244: 'initializing': conversion from 'T' to 'GLuint', possible loss of data
          with
          [
              T=float
          ]
E:\Fakultet\2. Godina\CS232\CS232-Projekat\GameTamplate\EventSystem.h(19,2): warning C4091: 'static ': ignored on left of 'EventSystem' when no variable is declared
E:\Fakultet\2. Godina\CS232\CS232-Projekat\GameTamplate\ScoreManager.h(16,2): warning C4091: 'static ': ignored on left of 'ScoreManager' when no variable is declared
  Generating Code...
soil2.lib(SOIL2.obj) : warning LNK4099: PDB '' was not found with 'soil2.lib(SOIL2.obj)' or at ''; linking object as if no debug info
soil2.lib(image_DXT.obj) : warning LNK4099: PDB '' was not found with 'soil2.lib(image_DXT.obj)' or at ''; linking object as if no debug info
  GameTamplate.vcxproj -> E:\Fakultet\2. Godina\CS232\CS232-Projekat\Debug\GameTamplate.exe
