e:\fakultet\2. godina\cs232\cs232-projekat\gametamplate\debug\vc143.pdb
e:\fakultet\2. godina\cs232\cs232-projekat\gametamplate\debug\vc143.idb
e:\fakultet\2. godina\cs232\cs232-projekat\gametamplate\debug\reelingin.obj
e:\fakultet\2. godina\cs232\cs232-projekat\gametamplate\debug\player.obj
e:\fakultet\2. godina\cs232\cs232-projekat\gametamplate\debug\main.obj
e:\fakultet\2. godina\cs232\cs232-projekat\gametamplate\debug\input.obj
e:\fakultet\2. godina\cs232\cs232-projekat\gametamplate\debug\gamestate.obj
e:\fakultet\2. godina\cs232\cs232-projekat\gametamplate\debug\gameobject.obj
e:\fakultet\2. godina\cs232\cs232-projekat\gametamplate\debug\fishing.obj
e:\fakultet\2. godina\cs232\cs232-projekat\gametamplate\debug\fish.obj
e:\fakultet\2. godina\cs232\cs232-projekat\gametamplate\debug\eventsystem.obj
e:\fakultet\2. godina\cs232\cs232-projekat\gametamplate\debug\dictionaryitem.obj
e:\fakultet\2. godina\cs232\cs232-projekat\gametamplate\debug\dictionary.obj
e:\fakultet\2. godina\cs232\cs232-projekat\gametamplate\debug\bomb.obj
e:\fakultet\2. godina\cs232\cs232-projekat\gametamplate\debug\progressbar.obj
e:\fakultet\2. godina\cs232\cs232-projekat\gametamplate\debug\textrenderer.obj
e:\fakultet\2. godina\cs232\cs232-projekat\gametamplate\debug\fishstats.obj
e:\fakultet\2. godina\cs232\cs232-projekat\gametamplate\debug\button.obj
e:\fakultet\2. godina\cs232\cs232-projekat\gametamplate\debug\fishcaught.obj
e:\fakultet\2. godina\cs232\cs232-projekat\gametamplate\debug\scoremanager.obj
e:\fakultet\2. godina\cs232\cs232-projekat\gametamplate\debug\audiomanager.obj
e:\fakultet\2. godina\cs232\cs232-projekat\gametamplate\debug\ring.obj
e:\fakultet\2. godina\cs232\cs232-projekat\gametamplate\debug\pickup.obj
e:\fakultet\2. godina\cs232\cs232-projekat\gametamplate\debug\time.obj
e:\fakultet\2. godina\cs232\cs232-projekat\gametamplate\debug\chaoscontrol.obj
e:\fakultet\2. godina\cs232\cs232-projekat\gametamplate\debug\hitbox.obj
e:\fakultet\2. godina\cs232\cs232-projekat\gametamplate\debug\mainmenu.obj
e:\fakultet\2. godina\cs232\cs232-projekat\gametamplate\debug\gameover.obj
e:\fakultet\2. godina\cs232\cs232-projekat\gametamplate\debug\intro.obj
e:\fakultet\2. godina\cs232\cs232-projekat\gametamplate\debug\highscore.obj
e:\fakultet\2. godina\cs232\cs232-projekat\gametamplate\debug\burststream.obj
e:\fakultet\2. godina\cs232\cs232-projekat\gametamplate\debug\backgroundmanager.obj
e:\fakultet\2. godina\cs232\cs232-projekat\debug\gametamplate.exe
e:\fakultet\2. godina\cs232\cs232-projekat\gametamplate\debug\gametamplate.ilk
e:\fakultet\2. godina\cs232\cs232-projekat\debug\gametamplate.pdb
e:\fakultet\2. godina\cs232\cs232-projekat\gametamplate\debug\functions.obj
e:\fakultet\2. godina\cs232\cs232-projekat\gametamplate\debug\variables.obj
e:\fakultet\2. godina\cs232\cs232-projekat\gametamplate\debug\gametamplate.tlog\cl.command.1.tlog
e:\fakultet\2. godina\cs232\cs232-projekat\gametamplate\debug\gametamplate.tlog\cl.items.tlog
e:\fakultet\2. godina\cs232\cs232-projekat\gametamplate\debug\gametamplate.tlog\cl.read.1.tlog
e:\fakultet\2. godina\cs232\cs232-projekat\gametamplate\debug\gametamplate.tlog\cl.write.1.tlog
e:\fakultet\2. godina\cs232\cs232-projekat\gametamplate\debug\gametamplate.tlog\link.command.1.tlog
e:\fakultet\2. godina\cs232\cs232-projekat\gametamplate\debug\gametamplate.tlog\link.read.1.tlog
e:\fakultet\2. godina\cs232\cs232-projekat\gametamplate\debug\gametamplate.tlog\link.write.1.tlog
