  AudioManager.cpp
E:\Fakultet\2. Godina\CS232\CS232-Projekat\GameTamplate\AudioManager.h(23,2): warning C4091: 'static ': ignored on left of 'AudioManager' when no variable is declared
E:\Fakultet\2. Godina\CS232\CS232-Projekat\GameTamplate\Dictionary.cpp(68,20): warning C4018: '<': signed/unsigned mismatch
E:\Fakultet\2. Godina\CS232\CS232-Projekat\GameTamplate\Dictionary.cpp(67,1): message : while compiling class template member function 'int Dictionary<std::string,FMOD::Sound *>::getItemIndex(K)'
          with
          [
              K=std::string
          ]
E:\Fakultet\2. Godina\CS232\CS232-Projekat\GameTamplate\Dictionary.cpp(44,16): message : see the first reference to 'Dictionary<std::string,FMOD::Sound *>::getItemIndex' in 'Dictionary<std::string,FMOD::Sound *>::getValue'
E:\Fakultet\2. Godina\CS232\CS232-Projekat\GameTamplate\AudioManager.cpp(28,21): message : see the first reference to 'Dictionary<std::string,FMOD::Sound *>::getValue' in 'AudioManager::playSound'
E:\Fakultet\2. Godina\CS232\CS232-Projekat\GameTamplate\Dictionary.cpp(4,32): message : while compiling class template member function 'Dictionary<std::string,FMOD::Sound *>::Dictionary(void)'
E:\Fakultet\2. Godina\CS232\CS232-Projekat\GameTamplate\AudioManager.cpp(5,48): message : see the first reference to 'Dictionary<std::string,FMOD::Sound *>::Dictionary' in 'void __cdecl `dynamic initializer for 'private: static Dictionary<std::basic_string<char,std::char_traits<char>,std::allocator<char> >,FMOD::Sound *> AudioManager::_soundEffects''(void)'
E:\Fakultet\2. Godina\CS232\CS232-Projekat\GameTamplate\AudioManager.cpp(5,34): message : see reference to class template instantiation 'Dictionary<std::string,FMOD::Sound *>' being compiled
  Player.cpp
E:\Fakultet\2. Godina\CS232\CS232-Projekat\GameTamplate\Sprite.h(104,20): warning C4244: 'initializing': conversion from 'T' to 'GLuint', possible loss of data
          with
          [
              T=float
          ]
E:\Fakultet\2. Godina\CS232\CS232-Projekat\GameTamplate\Sprite.h(105,20): warning C4244: 'initializing': conversion from 'T' to 'GLuint', possible loss of data
          with
          [
              T=float
          ]
E:\Fakultet\2. Godina\CS232\CS232-Projekat\GameTamplate\Time.h(14,2): warning C4091: 'static ': ignored on left of 'Time' when no variable is declared
E:\Fakultet\2. Godina\CS232\CS232-Projekat\GameTamplate\EventSystem.h(19,2): warning C4091: 'static ': ignored on left of 'EventSystem' when no variable is declared
LINK : warning LNK4075: ignoring '/INCREMENTAL' due to '/LTCG' specification
  Generating code
  3 of 1211 functions ( 0.2%) were compiled, the rest were copied from previous compilation.
    0 functions were new in current compilation
    7 functions had inline decision re-evaluated but remain unchanged
  Finished generating code
soil2.lib(SOIL2.obj) : warning LNK4099: PDB '' was not found with 'soil2.lib(SOIL2.obj)' or at ''; linking object as if no debug info
soil2.lib(image_DXT.obj) : warning LNK4099: PDB '' was not found with 'soil2.lib(image_DXT.obj)' or at ''; linking object as if no debug info
soil2.lib(image_helper.obj) : warning LNK4099: PDB '' was not found with 'soil2.lib(image_helper.obj)' or at ''; linking object as if no debug info
soil2.lib(wfETC.obj) : warning LNK4099: PDB '' was not found with 'soil2.lib(wfETC.obj)' or at ''; linking object as if no debug info
  GameTamplate.vcxproj -> E:\Fakultet\2. Godina\CS232\CS232-Projekat\Release\GameTamplate.exe
